C:\Program Files (x86)\Microsoft Visual Studio\2017\Community\Common7\IDE\VC\VCTargets\Microsoft.CppBuild.targets(391,5): warning MSB8028: The intermediate directory (Debug\) contains files shared from another project (Lesson02.vcxproj, Lesson03.vcxproj, Lesson04.vcxproj, Lesson05.vcxproj).  This can lead to incorrect clean and rebuild behavior.
  glad.c
  Demo.cpp
d:\back up\kuliah\gkv\kode program-20180516t063541z-001\kode program\grafika komputer dan visualisasi\vs\fp-coba\demo.cpp(252): warning C4838: conversion from 'double' to 'float' requires a narrowing conversion
d:\back up\kuliah\gkv\kode program-20180516t063541z-001\kode program\grafika komputer dan visualisasi\vs\fp-coba\demo.cpp(252): warning C4305: 'initializing': truncation from 'double' to 'float'
d:\back up\kuliah\gkv\kode program-20180516t063541z-001\kode program\grafika komputer dan visualisasi\vs\fp-coba\demo.cpp(374): warning C4838: conversion from 'double' to 'float' requires a narrowing conversion
d:\back up\kuliah\gkv\kode program-20180516t063541z-001\kode program\grafika komputer dan visualisasi\vs\fp-coba\demo.cpp(374): warning C4305: 'initializing': truncation from 'double' to 'float'
d:\back up\kuliah\gkv\kode program-20180516t063541z-001\kode program\grafika komputer dan visualisasi\vs\fp-coba\demo.cpp(496): warning C4838: conversion from 'double' to 'float' requires a narrowing conversion
d:\back up\kuliah\gkv\kode program-20180516t063541z-001\kode program\grafika komputer dan visualisasi\vs\fp-coba\demo.cpp(496): warning C4305: 'initializing': truncation from 'double' to 'float'
d:\back up\kuliah\gkv\kode program-20180516t063541z-001\kode program\grafika komputer dan visualisasi\vs\fp-coba\demo.cpp(617): warning C4838: conversion from 'double' to 'float' requires a narrowing conversion
d:\back up\kuliah\gkv\kode program-20180516t063541z-001\kode program\grafika komputer dan visualisasi\vs\fp-coba\demo.cpp(617): warning C4305: 'initializing': truncation from 'double' to 'float'
d:\back up\kuliah\gkv\kode program-20180516t063541z-001\kode program\grafika komputer dan visualisasi\vs\fp-coba\demo.cpp(741): warning C4838: conversion from 'double' to 'float' requires a narrowing conversion
d:\back up\kuliah\gkv\kode program-20180516t063541z-001\kode program\grafika komputer dan visualisasi\vs\fp-coba\demo.cpp(741): warning C4305: 'initializing': truncation from 'double' to 'float'
d:\back up\kuliah\gkv\kode program-20180516t063541z-001\kode program\grafika komputer dan visualisasi\vs\fp-coba\demo.cpp(866): warning C4838: conversion from 'double' to 'float' requires a narrowing conversion
d:\back up\kuliah\gkv\kode program-20180516t063541z-001\kode program\grafika komputer dan visualisasi\vs\fp-coba\demo.cpp(866): warning C4305: 'initializing': truncation from 'double' to 'float'
d:\back up\kuliah\gkv\kode program-20180516t063541z-001\kode program\grafika komputer dan visualisasi\vs\fp-coba\demo.cpp(987): warning C4838: conversion from 'double' to 'float' requires a narrowing conversion
d:\back up\kuliah\gkv\kode program-20180516t063541z-001\kode program\grafika komputer dan visualisasi\vs\fp-coba\demo.cpp(987): warning C4305: 'initializing': truncation from 'double' to 'float'
d:\back up\kuliah\gkv\kode program-20180516t063541z-001\kode program\grafika komputer dan visualisasi\vs\fp-coba\demo.cpp(1108): warning C4838: conversion from 'double' to 'float' requires a narrowing conversion
d:\back up\kuliah\gkv\kode program-20180516t063541z-001\kode program\grafika komputer dan visualisasi\vs\fp-coba\demo.cpp(1108): warning C4305: 'initializing': truncation from 'double' to 'float'
d:\back up\kuliah\gkv\kode program-20180516t063541z-001\kode program\grafika komputer dan visualisasi\vs\fp-coba\demo.cpp(1231): warning C4838: conversion from 'double' to 'float' requires a narrowing conversion
d:\back up\kuliah\gkv\kode program-20180516t063541z-001\kode program\grafika komputer dan visualisasi\vs\fp-coba\demo.cpp(1231): warning C4305: 'initializing': truncation from 'double' to 'float'
d:\back up\kuliah\gkv\kode program-20180516t063541z-001\kode program\grafika komputer dan visualisasi\vs\fp-coba\demo.cpp(1353): warning C4838: conversion from 'double' to 'float' requires a narrowing conversion
d:\back up\kuliah\gkv\kode program-20180516t063541z-001\kode program\grafika komputer dan visualisasi\vs\fp-coba\demo.cpp(1353): warning C4305: 'initializing': truncation from 'double' to 'float'
d:\back up\kuliah\gkv\kode program-20180516t063541z-001\kode program\grafika komputer dan visualisasi\vs\fp-coba\demo.cpp(1475): warning C4838: conversion from 'double' to 'float' requires a narrowing conversion
d:\back up\kuliah\gkv\kode program-20180516t063541z-001\kode program\grafika komputer dan visualisasi\vs\fp-coba\demo.cpp(1475): warning C4305: 'initializing': truncation from 'double' to 'float'
d:\back up\kuliah\gkv\kode program-20180516t063541z-001\kode program\grafika komputer dan visualisasi\vs\fp-coba\demo.cpp(1599): warning C4838: conversion from 'double' to 'float' requires a narrowing conversion
d:\back up\kuliah\gkv\kode program-20180516t063541z-001\kode program\grafika komputer dan visualisasi\vs\fp-coba\demo.cpp(1599): warning C4305: 'initializing': truncation from 'double' to 'float'
d:\back up\kuliah\gkv\kode program-20180516t063541z-001\kode program\grafika komputer dan visualisasi\vs\fp-coba\demo.cpp(1723): warning C4838: conversion from 'double' to 'float' requires a narrowing conversion
d:\back up\kuliah\gkv\kode program-20180516t063541z-001\kode program\grafika komputer dan visualisasi\vs\fp-coba\demo.cpp(1723): warning C4305: 'initializing': truncation from 'double' to 'float'
d:\back up\kuliah\gkv\kode program-20180516t063541z-001\kode program\grafika komputer dan visualisasi\vs\fp-coba\demo.cpp(1845): warning C4838: conversion from 'double' to 'float' requires a narrowing conversion
d:\back up\kuliah\gkv\kode program-20180516t063541z-001\kode program\grafika komputer dan visualisasi\vs\fp-coba\demo.cpp(1845): warning C4305: 'initializing': truncation from 'double' to 'float'
d:\back up\kuliah\gkv\kode program-20180516t063541z-001\kode program\grafika komputer dan visualisasi\vs\fp-coba\demo.cpp(1967): warning C4838: conversion from 'double' to 'float' requires a narrowing conversion
d:\back up\kuliah\gkv\kode program-20180516t063541z-001\kode program\grafika komputer dan visualisasi\vs\fp-coba\demo.cpp(1967): warning C4305: 'initializing': truncation from 'double' to 'float'
d:\back up\kuliah\gkv\kode program-20180516t063541z-001\kode program\grafika komputer dan visualisasi\vs\fp-coba\demo.cpp(2089): warning C4838: conversion from 'double' to 'float' requires a narrowing conversion
d:\back up\kuliah\gkv\kode program-20180516t063541z-001\kode program\grafika komputer dan visualisasi\vs\fp-coba\demo.cpp(2089): warning C4305: 'initializing': truncation from 'double' to 'float'
d:\back up\kuliah\gkv\kode program-20180516t063541z-001\kode program\grafika komputer dan visualisasi\vs\fp-coba\demo.cpp(2211): warning C4838: conversion from 'double' to 'float' requires a narrowing conversion
d:\back up\kuliah\gkv\kode program-20180516t063541z-001\kode program\grafika komputer dan visualisasi\vs\fp-coba\demo.cpp(2211): warning C4305: 'initializing': truncation from 'double' to 'float'
  RenderEngine.cpp
  Generating Code...
LINK : warning LNK4098: defaultlib 'MSVCRT' conflicts with use of other libs; use /NODEFAULTLIB:library
SOIL.lib(image_DXT.obj) : warning LNK4099: PDB 'vc110.pdb' was not found with 'SOIL.lib(image_DXT.obj)' or at 'D:\Back Up\Kuliah\GKV\Kode Program-20180516T063541Z-001\Kode Program\Grafika Komputer dan Visualisasi\vs\FP-Coba\Debug\vc110.pdb'; linking object as if no debug info
SOIL.lib(image_helper.obj) : warning LNK4099: PDB 'vc110.pdb' was not found with 'SOIL.lib(image_helper.obj)' or at 'D:\Back Up\Kuliah\GKV\Kode Program-20180516T063541Z-001\Kode Program\Grafika Komputer dan Visualisasi\vs\FP-Coba\Debug\vc110.pdb'; linking object as if no debug info
SOIL.lib(SOIL.obj) : warning LNK4099: PDB 'vc110.pdb' was not found with 'SOIL.lib(SOIL.obj)' or at 'D:\Back Up\Kuliah\GKV\Kode Program-20180516T063541Z-001\Kode Program\Grafika Komputer dan Visualisasi\vs\FP-Coba\Debug\vc110.pdb'; linking object as if no debug info
SOIL.lib(stb_image_aug.obj) : warning LNK4099: PDB 'vc110.pdb' was not found with 'SOIL.lib(stb_image_aug.obj)' or at 'D:\Back Up\Kuliah\GKV\Kode Program-20180516T063541Z-001\Kode Program\Grafika Komputer dan Visualisasi\vs\FP-Coba\Debug\vc110.pdb'; linking object as if no debug info
  fix.vcxproj -> D:\Back Up\Kuliah\GKV\Kode Program-20180516T063541Z-001\Kode Program\Grafika Komputer dan Visualisasi\vs\FP-Coba\Debug\fix.exe
